0 info it worked if it ends with ok
1 verbose cli [ '/usr/bin/nodejs', '/usr/bin/npm', 'start' ]
2 info using npm@3.5.2
3 info using node@v4.2.6
4 verbose run-script [ 'prestart', 'start', 'poststart' ]
5 info lifecycle BookAholic@1.0.0~prestart: BookAholic@1.0.0
6 silly lifecycle BookAholic@1.0.0~prestart: no script for prestart, continuing
7 info lifecycle BookAholic@1.0.0~start: BookAholic@1.0.0
8 verbose lifecycle BookAholic@1.0.0~start: unsafe-perm in lifecycle true
9 verbose lifecycle BookAholic@1.0.0~start: PATH: /usr/share/npm/bin/node-gyp-bin:/home/nandhu/Desktop/Dev/node_modules/.bin:/home/nandhu/bin:/home/nandhu/mongodb-linux-x86_64-amazon-3.4.2/bin:/home/nandhu/google-cloud-sdk/bin:/usr/local/sbin:/usr/local/bin:/usr/sbin:/usr/bin:/sbin:/bin:/usr/games:/usr/local/games:/snap/bin:/usr/lib/jvm/java-8-oracle/bin:/usr/lib/jvm/java-8-oracle/db/bin:/usr/lib/jvm/java-8-oracle/jre/bin:/Downloads/gradle-2.13/bin:/home/nandhu/gradle-2.13/bin
10 verbose lifecycle BookAholic@1.0.0~start: CWD: /home/nandhu/Desktop/Dev
11 silly lifecycle BookAholic@1.0.0~start: Args: [ '-c', 'server.js' ]
12 info lifecycle BookAholic@1.0.0~start: Failed to exec start script
13 verbose stack Error: BookAholic@1.0.0 start: `server.js`
13 verbose stack spawn ENOENT
13 verbose stack     at ChildProcess.<anonymous> (/usr/share/npm/lib/utils/spawn.js:17:16)
13 verbose stack     at emitTwo (events.js:87:13)
13 verbose stack     at ChildProcess.emit (events.js:172:7)
13 verbose stack     at maybeClose (internal/child_process.js:821:16)
13 verbose stack     at Process.ChildProcess._handle.onexit (internal/child_process.js:211:5)
14 verbose pkgid BookAholic@1.0.0
15 verbose cwd /home/nandhu/Desktop/Dev
16 error Linux 4.4.0-57-generic
17 error argv "/usr/bin/nodejs" "/usr/bin/npm" "start"
18 error node v4.2.6
19 error npm  v3.5.2
20 error file sh
21 error code ELIFECYCLE
22 error errno ENOENT
23 error syscall spawn
24 error BookAholic@1.0.0 start: `server.js`
24 error spawn ENOENT
25 error Failed at the BookAholic@1.0.0 start script 'server.js'.
25 error Make sure you have the latest version of node.js and npm installed.
25 error If you do, this is most likely a problem with the BookAholic package,
25 error not with npm itself.
25 error Tell the author that this fails on your system:
25 error     server.js
25 error You can get information on how to open an issue for this project with:
25 error     npm bugs BookAholic
25 error Or if that isn't available, you can get their info via:
25 error     npm owner ls BookAholic
25 error There is likely additional logging output above.
26 verbose exit [ 1, true ]
